Search for: 16189  <-> Clementi:
From 16189
- Can take 96 to:
  - 17171 Clementi Stn
  - 17091 Aft Clementi Ave 1
  - 17009 Clementi Int
- Can take 151 to:
  - 17091 Aft Clementi Ave 1
- Can take 151e to:
  - 17091 Aft Clementi Ave 1

Search for: 17009  <-> NUS:
From 17009
- Can take 196 to:
  - 17191 NUS High Sch
- Can take 156 to:
  - 41011 NUS Bt Timah Campus
- Can take 96 to:
  - 16169 NUS Raffles Hall
  - 16199 NUS Fac Of Design & Env
  - 16149 NUS Fac Of Architecture
  - 16159 NUS Fac Of Engrg

